{
  "stats": {
    "suites": 13,
    "tests": 25,
    "passes": 23,
    "pending": 0,
    "failures": 2,
    "start": "2023-01-29T16:27:51.386Z",
    "end": "2023-01-29T16:27:56.071Z",
    "duration": 4685,
    "testsRegistered": 25,
    "passPercent": 92,
    "pendingPercent": 0,
    "other": 0,
    "hasOther": false,
    "skipped": 0,
    "hasSkipped": false
  },
  "results": [
    {
      "uuid": "bb36612b-da6f-4540-8353-755046feaaac",
      "title": "",
      "fullFile": "",
      "file": "",
      "beforeHooks": [],
      "afterHooks": [],
      "tests": [],
      "suites": [
        {
          "uuid": "78a98cd1-9765-4fc4-9356-e98caa82f095",
          "title": "POSTS",
          "fullFile": "C:\\Users\\alex\\Desktop\\api-tests\\test\\main.js",
          "file": "\\test\\main.js",
          "beforeHooks": [
            {
              "title": "\"before all\" hook in \"POSTS\"",
              "fullTitle": "POSTS \"before all\" hook in \"POSTS\"",
              "timedOut": false,
              "duration": 208,
              "state": null,
              "speed": null,
              "pass": false,
              "fail": false,
              "pending": false,
              "context": null,
              "code": "var self = this, args = arguments; return new Promise(function (resolve, reject) { var gen = fn.apply(self, args); function _next(value) { asyncGeneratorStep(gen, resolve, reject, _next, _throw, \"next\", value); } function _throw(err) { asyncGeneratorStep(gen, resolve, reject, _next, _throw, \"throw\", err); } _next(undefined); });",
              "err": {},
              "uuid": "8e35ebaf-bea1-483f-85ce-d916bf955b3c",
              "parentUUID": "78a98cd1-9765-4fc4-9356-e98caa82f095",
              "isHook": true,
              "skipped": false
            }
          ],
          "afterHooks": [],
          "tests": [
            {
              "title": "/posts",
              "fullTitle": "POSTS /posts",
              "timedOut": false,
              "duration": 177,
              "state": "passed",
              "speed": "slow",
              "pass": true,
              "fail": false,
              "pending": false,
              "context": null,
              "code": "var self = this, args = arguments; return new Promise(function (resolve, reject) { var gen = fn.apply(self, args); function _next(value) { asyncGeneratorStep(gen, resolve, reject, _next, _throw, \"next\", value); } function _throw(err) { asyncGeneratorStep(gen, resolve, reject, _next, _throw, \"throw\", err); } _next(undefined); });",
              "err": {},
              "uuid": "707a411d-6aa5-403c-8d6d-fdf3ae64146d",
              "parentUUID": "78a98cd1-9765-4fc4-9356-e98caa82f095",
              "isHook": false,
              "skipped": false
            },
            {
              "title": "/get",
              "fullTitle": "POSTS /get",
              "timedOut": false,
              "duration": 154,
              "state": "passed",
              "speed": "slow",
              "pass": true,
              "fail": false,
              "pending": false,
              "context": null,
              "code": "var self = this, args = arguments; return new Promise(function (resolve, reject) { var gen = fn.apply(self, args); function _next(value) { asyncGeneratorStep(gen, resolve, reject, _next, _throw, \"next\", value); } function _throw(err) { asyncGeneratorStep(gen, resolve, reject, _next, _throw, \"throw\", err); } _next(undefined); });",
              "err": {},
              "uuid": "c25175a4-8e1e-4d36-9709-e4cd5fc1c247",
              "parentUUID": "78a98cd1-9765-4fc4-9356-e98caa82f095",
              "isHook": false,
              "skipped": false
            }
          ],
          "suites": [],
          "passes": [
            "707a411d-6aa5-403c-8d6d-fdf3ae64146d",
            "c25175a4-8e1e-4d36-9709-e4cd5fc1c247"
          ],
          "failures": [],
          "pending": [],
          "skipped": [],
          "duration": 331,
          "root": false,
          "rootEmpty": false,
          "_timeout": 2000
        },
        {
          "uuid": "a08c8fb9-3c54-4543-87f2-c7a7634cd557",
          "title": "POSTS",
          "fullFile": "C:\\Users\\alex\\Desktop\\api-tests\\test\\negativetest.js",
          "file": "\\test\\negativetest.js",
          "beforeHooks": [],
          "afterHooks": [],
          "tests": [
            {
              "title": "/posts",
              "fullTitle": "POSTS /posts",
              "timedOut": false,
              "duration": 356,
              "state": "passed",
              "speed": "slow",
              "pass": true,
              "fail": false,
              "pending": false,
              "context": null,
              "code": "var userData = {\n  email: \"test-\".concat(Math.floor(Math.random() * 9999), \"@gmail.com\"),\n  name: \"test\",\n  gender: \"male\",\n  status: \"active\"\n};\nreturn request.post('users').set('Authorization', \"Bearer \".concat(TOKEN)).send(userData).then( /*#__PURE__*/function () {\n  var _ref = _asyncToGenerator( /*#__PURE__*/_regeneratorRuntime().mark(function _callee(res) {\n    var data, postres;\n    return _regeneratorRuntime().wrap(function _callee$(_context) {\n      while (1) switch (_context.prev = _context.next) {\n        case 0:\n          userId = res.body.id;\n          // console.log(userId)\n          data = {\n            user_id: userId,\n            title: 'My title',\n            body: 'my blog posts'\n          };\n          _context.next = 4;\n          return request.post('posts').set('Authorization', \"Bearer \".concat(TOKEN)).send(data);\n        case 4:\n          postres = _context.sent;\n          // console.log(postres.body)\n          postId = postres.body.id;\n        case 6:\n        case \"end\":\n          return _context.stop();\n      }\n    }, _callee);\n  }));\n  return function (_x) {\n    return _ref.apply(this, arguments);\n  };\n}());",
              "err": {},
              "uuid": "1e0cea80-a83e-435b-8fd7-8519f6be4a27",
              "parentUUID": "a08c8fb9-3c54-4543-87f2-c7a7634cd557",
              "isHook": false,
              "skipped": false
            }
          ],
          "suites": [
            {
              "uuid": "11163bac-cfdc-4668-9d63-caa49d75cce9",
              "title": "NEGATIVE",
              "fullFile": "C:\\Users\\alex\\Desktop\\api-tests\\test\\negativetest.js",
              "file": "\\test\\negativetest.js",
              "beforeHooks": [],
              "afterHooks": [],
              "tests": [
                {
                  "title": "401",
                  "fullTitle": "POSTS NEGATIVE 401",
                  "timedOut": false,
                  "duration": 81,
                  "state": "passed",
                  "speed": "slow",
                  "pass": true,
                  "fail": false,
                  "pending": false,
                  "context": null,
                  "code": "var self = this, args = arguments; return new Promise(function (resolve, reject) { var gen = fn.apply(self, args); function _next(value) { asyncGeneratorStep(gen, resolve, reject, _next, _throw, \"next\", value); } function _throw(err) { asyncGeneratorStep(gen, resolve, reject, _next, _throw, \"throw\", err); } _next(undefined); });",
                  "err": {},
                  "uuid": "048aace4-b3f4-4836-8287-19ea85832f8b",
                  "parentUUID": "11163bac-cfdc-4668-9d63-caa49d75cce9",
                  "isHook": false,
                  "skipped": false
                },
                {
                  "title": "422",
                  "fullTitle": "POSTS NEGATIVE 422",
                  "timedOut": false,
                  "duration": 140,
                  "state": "passed",
                  "speed": "slow",
                  "pass": true,
                  "fail": false,
                  "pending": false,
                  "context": null,
                  "code": "var self = this, args = arguments; return new Promise(function (resolve, reject) { var gen = fn.apply(self, args); function _next(value) { asyncGeneratorStep(gen, resolve, reject, _next, _throw, \"next\", value); } function _throw(err) { asyncGeneratorStep(gen, resolve, reject, _next, _throw, \"throw\", err); } _next(undefined); });",
                  "err": {},
                  "uuid": "2456af27-eb26-4545-b4d9-f6406e330444",
                  "parentUUID": "11163bac-cfdc-4668-9d63-caa49d75cce9",
                  "isHook": false,
                  "skipped": false
                }
              ],
              "suites": [],
              "passes": [
                "048aace4-b3f4-4836-8287-19ea85832f8b",
                "2456af27-eb26-4545-b4d9-f6406e330444"
              ],
              "failures": [],
              "pending": [],
              "skipped": [],
              "duration": 221,
              "root": false,
              "rootEmpty": false,
              "_timeout": 2000
            }
          ],
          "passes": [
            "1e0cea80-a83e-435b-8fd7-8519f6be4a27"
          ],
          "failures": [],
          "pending": [],
          "skipped": [],
          "duration": 356,
          "root": false,
          "rootEmpty": false,
          "_timeout": 2000
        },
        {
          "uuid": "52cb9675-a760-449e-9be9-2ba81e8e926e",
          "title": "POSTS",
          "fullFile": "C:\\Users\\alex\\Desktop\\api-tests\\test\\optimise1.js",
          "file": "\\test\\optimise1.js",
          "beforeHooks": [],
          "afterHooks": [],
          "tests": [
            {
              "title": "/posts",
              "fullTitle": "POSTS /posts",
              "timedOut": false,
              "duration": 279,
              "state": "passed",
              "speed": "slow",
              "pass": true,
              "fail": false,
              "pending": false,
              "context": null,
              "code": "var self = this, args = arguments; return new Promise(function (resolve, reject) { var gen = fn.apply(self, args); function _next(value) { asyncGeneratorStep(gen, resolve, reject, _next, _throw, \"next\", value); } function _throw(err) { asyncGeneratorStep(gen, resolve, reject, _next, _throw, \"throw\", err); } _next(undefined); });",
              "err": {},
              "uuid": "c583f7fc-0340-40f4-826a-8318f31073cc",
              "parentUUID": "52cb9675-a760-449e-9be9-2ba81e8e926e",
              "isHook": false,
              "skipped": false
            },
            {
              "title": "/get",
              "fullTitle": "POSTS /get",
              "timedOut": false,
              "duration": 120,
              "state": "passed",
              "speed": "slow",
              "pass": true,
              "fail": false,
              "pending": false,
              "context": null,
              "code": "var self = this, args = arguments; return new Promise(function (resolve, reject) { var gen = fn.apply(self, args); function _next(value) { asyncGeneratorStep(gen, resolve, reject, _next, _throw, \"next\", value); } function _throw(err) { asyncGeneratorStep(gen, resolve, reject, _next, _throw, \"throw\", err); } _next(undefined); });",
              "err": {},
              "uuid": "afd2ce29-0bb2-43d9-a4bc-38cabce45a7a",
              "parentUUID": "52cb9675-a760-449e-9be9-2ba81e8e926e",
              "isHook": false,
              "skipped": false
            }
          ],
          "suites": [],
          "passes": [
            "c583f7fc-0340-40f4-826a-8318f31073cc",
            "afd2ce29-0bb2-43d9-a4bc-38cabce45a7a"
          ],
          "failures": [],
          "pending": [],
          "skipped": [],
          "duration": 399,
          "root": false,
          "rootEmpty": false,
          "_timeout": 2000
        },
        {
          "uuid": "27b15341-581c-46f6-9a63-68d70ce5450c",
          "title": "POSTS",
          "fullFile": "C:\\Users\\alex\\Desktop\\api-tests\\test\\optimise2.js",
          "file": "\\test\\optimise2.js",
          "beforeHooks": [
            {
              "title": "\"before all\" hook in \"POSTS\"",
              "fullTitle": "POSTS \"before all\" hook in \"POSTS\"",
              "timedOut": false,
              "duration": 116,
              "state": null,
              "speed": null,
              "pass": false,
              "fail": false,
              "pending": false,
              "context": null,
              "code": "var userData = {\n  email: \"test-\".concat(Math.floor(Math.random() * 9999), \"@gmail.com\"),\n  name: \"test\",\n  gender: \"male\",\n  status: \"active\"\n};\nreturn request.post(\"users\").set('Authorization', \"Bearer \".concat(TOKEN)).send(userData).then( /*#__PURE__*/function () {\n  var _ref = _asyncToGenerator( /*#__PURE__*/_regeneratorRuntime().mark(function _callee(res) {\n    return _regeneratorRuntime().wrap(function _callee$(_context) {\n      while (1) switch (_context.prev = _context.next) {\n        case 0:\n          userId = res.body.id;\n          console.log(userId);\n        case 2:\n        case \"end\":\n          return _context.stop();\n      }\n    }, _callee);\n  }));\n  return function (_x) {\n    return _ref.apply(this, arguments);\n  };\n}());",
              "err": {},
              "uuid": "91a17474-55eb-4b16-b937-cbb208b8b228",
              "parentUUID": "27b15341-581c-46f6-9a63-68d70ce5450c",
              "isHook": true,
              "skipped": false
            }
          ],
          "afterHooks": [],
          "tests": [
            {
              "title": "/posts",
              "fullTitle": "POSTS /posts",
              "timedOut": false,
              "duration": 111,
              "state": "passed",
              "speed": "slow",
              "pass": true,
              "fail": false,
              "pending": false,
              "context": null,
              "code": "var self = this, args = arguments; return new Promise(function (resolve, reject) { var gen = fn.apply(self, args); function _next(value) { asyncGeneratorStep(gen, resolve, reject, _next, _throw, \"next\", value); } function _throw(err) { asyncGeneratorStep(gen, resolve, reject, _next, _throw, \"throw\", err); } _next(undefined); });",
              "err": {},
              "uuid": "8c1d4b0a-41d2-4f6d-85d3-55ae24f753de",
              "parentUUID": "27b15341-581c-46f6-9a63-68d70ce5450c",
              "isHook": false,
              "skipped": false
            },
            {
              "title": "/get",
              "fullTitle": "POSTS /get",
              "timedOut": false,
              "duration": 126,
              "state": "passed",
              "speed": "slow",
              "pass": true,
              "fail": false,
              "pending": false,
              "context": null,
              "code": "var self = this, args = arguments; return new Promise(function (resolve, reject) { var gen = fn.apply(self, args); function _next(value) { asyncGeneratorStep(gen, resolve, reject, _next, _throw, \"next\", value); } function _throw(err) { asyncGeneratorStep(gen, resolve, reject, _next, _throw, \"throw\", err); } _next(undefined); });",
              "err": {},
              "uuid": "285b13f4-c233-4de1-8880-0c834cd0961c",
              "parentUUID": "27b15341-581c-46f6-9a63-68d70ce5450c",
              "isHook": false,
              "skipped": false
            }
          ],
          "suites": [],
          "passes": [
            "8c1d4b0a-41d2-4f6d-85d3-55ae24f753de",
            "285b13f4-c233-4de1-8880-0c834cd0961c"
          ],
          "failures": [],
          "pending": [],
          "skipped": [],
          "duration": 237,
          "root": false,
          "rootEmpty": false,
          "_timeout": 2000
        },
        {
          "uuid": "ac8cdc1f-01e0-452f-90a6-e15068dc70aa",
          "title": "POSTS",
          "fullFile": "C:\\Users\\alex\\Desktop\\api-tests\\test\\optimise3.js",
          "file": "\\test\\optimise3.js",
          "beforeHooks": [
            {
              "title": "\"before all\" hook in \"POSTS\"",
              "fullTitle": "POSTS \"before all\" hook in \"POSTS\"",
              "timedOut": false,
              "duration": 119,
              "state": null,
              "speed": null,
              "pass": false,
              "fail": false,
              "pending": false,
              "context": null,
              "code": "var self = this, args = arguments; return new Promise(function (resolve, reject) { var gen = fn.apply(self, args); function _next(value) { asyncGeneratorStep(gen, resolve, reject, _next, _throw, \"next\", value); } function _throw(err) { asyncGeneratorStep(gen, resolve, reject, _next, _throw, \"throw\", err); } _next(undefined); });",
              "err": {},
              "uuid": "584cf14b-0609-4406-ac36-ee215162f949",
              "parentUUID": "ac8cdc1f-01e0-452f-90a6-e15068dc70aa",
              "isHook": true,
              "skipped": false
            }
          ],
          "afterHooks": [],
          "tests": [
            {
              "title": "/posts",
              "fullTitle": "POSTS /posts",
              "timedOut": false,
              "duration": 127,
              "state": "passed",
              "speed": "slow",
              "pass": true,
              "fail": false,
              "pending": false,
              "context": null,
              "code": "var self = this, args = arguments; return new Promise(function (resolve, reject) { var gen = fn.apply(self, args); function _next(value) { asyncGeneratorStep(gen, resolve, reject, _next, _throw, \"next\", value); } function _throw(err) { asyncGeneratorStep(gen, resolve, reject, _next, _throw, \"throw\", err); } _next(undefined); });",
              "err": {},
              "uuid": "05473547-d64b-4cdd-9329-bfbc9cd934e8",
              "parentUUID": "ac8cdc1f-01e0-452f-90a6-e15068dc70aa",
              "isHook": false,
              "skipped": false
            },
            {
              "title": "/get",
              "fullTitle": "POSTS /get",
              "timedOut": false,
              "duration": 140,
              "state": "passed",
              "speed": "slow",
              "pass": true,
              "fail": false,
              "pending": false,
              "context": null,
              "code": "var self = this, args = arguments; return new Promise(function (resolve, reject) { var gen = fn.apply(self, args); function _next(value) { asyncGeneratorStep(gen, resolve, reject, _next, _throw, \"next\", value); } function _throw(err) { asyncGeneratorStep(gen, resolve, reject, _next, _throw, \"throw\", err); } _next(undefined); });",
              "err": {},
              "uuid": "7e89b8cd-43d5-4718-9006-7e2d18cba587",
              "parentUUID": "ac8cdc1f-01e0-452f-90a6-e15068dc70aa",
              "isHook": false,
              "skipped": false
            }
          ],
          "suites": [],
          "passes": [
            "05473547-d64b-4cdd-9329-bfbc9cd934e8",
            "7e89b8cd-43d5-4718-9006-7e2d18cba587"
          ],
          "failures": [],
          "pending": [],
          "skipped": [],
          "duration": 267,
          "root": false,
          "rootEmpty": false,
          "_timeout": 2000
        },
        {
          "uuid": "5e359f22-2856-4457-b19e-61e93c263cb8",
          "title": "POSTS",
          "fullFile": "C:\\Users\\alex\\Desktop\\api-tests\\test\\post.js",
          "file": "\\test\\post.js",
          "beforeHooks": [],
          "afterHooks": [],
          "tests": [
            {
              "title": "/posts",
              "fullTitle": "POSTS /posts",
              "timedOut": false,
              "duration": 110,
              "state": "passed",
              "speed": "slow",
              "pass": true,
              "fail": false,
              "pending": false,
              "context": null,
              "code": "var self = this, args = arguments; return new Promise(function (resolve, reject) { var gen = fn.apply(self, args); function _next(value) { asyncGeneratorStep(gen, resolve, reject, _next, _throw, \"next\", value); } function _throw(err) { asyncGeneratorStep(gen, resolve, reject, _next, _throw, \"throw\", err); } _next(undefined); });",
              "err": {},
              "uuid": "af273537-1c6e-4660-ade2-01d76bc262de",
              "parentUUID": "5e359f22-2856-4457-b19e-61e93c263cb8",
              "isHook": false,
              "skipped": false
            },
            {
              "title": "/get",
              "fullTitle": "POSTS /get",
              "timedOut": false,
              "duration": 113,
              "state": "passed",
              "speed": "slow",
              "pass": true,
              "fail": false,
              "pending": false,
              "context": null,
              "code": "var self = this, args = arguments; return new Promise(function (resolve, reject) { var gen = fn.apply(self, args); function _next(value) { asyncGeneratorStep(gen, resolve, reject, _next, _throw, \"next\", value); } function _throw(err) { asyncGeneratorStep(gen, resolve, reject, _next, _throw, \"throw\", err); } _next(undefined); });",
              "err": {},
              "uuid": "cefc4336-316a-40a4-aee6-2b9d166280d0",
              "parentUUID": "5e359f22-2856-4457-b19e-61e93c263cb8",
              "isHook": false,
              "skipped": false
            }
          ],
          "suites": [],
          "passes": [
            "af273537-1c6e-4660-ade2-01d76bc262de",
            "cefc4336-316a-40a4-aee6-2b9d166280d0"
          ],
          "failures": [],
          "pending": [],
          "skipped": [],
          "duration": 223,
          "root": false,
          "rootEmpty": false,
          "_timeout": 2000
        },
        {
          "uuid": "98d5a9ea-ed67-49bd-990d-11264f0b136f",
          "title": "Users",
          "fullFile": "C:\\Users\\alex\\Desktop\\api-tests\\test\\user-advance.js",
          "file": "\\test\\user-advance.js",
          "beforeHooks": [],
          "afterHooks": [],
          "tests": [],
          "suites": [
            {
              "uuid": "ea298016-0779-4375-b1d8-21ab236679ce",
              "title": "POST",
              "fullFile": "C:\\Users\\alex\\Desktop\\api-tests\\test\\user-advance.js",
              "file": "\\test\\user-advance.js",
              "beforeHooks": [],
              "afterHooks": [],
              "tests": [
                {
                  "title": "POST /users",
                  "fullTitle": "Users POST POST /users",
                  "timedOut": false,
                  "duration": 211,
                  "state": "passed",
                  "speed": "slow",
                  "pass": true,
                  "fail": false,
                  "pending": false,
                  "context": null,
                  "code": "var data = {\n  //email: \"tao6ost@gmail.com\",\n  email: \"test-\".concat(Math.floor(Math.random() * 9999), \"@gmail.com\"),\n  name: \"test\",\n  gender: \"male\",\n  status: \"active\"\n};\nreturn request.post(\"users\").set('Authorization', \"Bearer \".concat(TOKEN)).send(data).then(function (res) {\n  userId = res.body.id;\n  console.log(userId);\n});",
                  "err": {},
                  "uuid": "e935b662-d143-4915-aa15-e5d8d04f2208",
                  "parentUUID": "ea298016-0779-4375-b1d8-21ab236679ce",
                  "isHook": false,
                  "skipped": false
                }
              ],
              "suites": [],
              "passes": [
                "e935b662-d143-4915-aa15-e5d8d04f2208"
              ],
              "failures": [],
              "pending": [],
              "skipped": [],
              "duration": 211,
              "root": false,
              "rootEmpty": false,
              "_timeout": 2000
            },
            {
              "uuid": "3502878d-936c-4fe6-8849-9bd0835ed6c7",
              "title": "GET",
              "fullFile": "C:\\Users\\alex\\Desktop\\api-tests\\test\\user-advance.js",
              "file": "\\test\\user-advance.js",
              "beforeHooks": [],
              "afterHooks": [],
              "tests": [
                {
                  "title": "/users",
                  "fullTitle": "Users GET /users",
                  "timedOut": false,
                  "duration": 191,
                  "state": "passed",
                  "speed": "slow",
                  "pass": true,
                  "fail": false,
                  "pending": false,
                  "context": null,
                  "code": "return request.get(\"users?access-token=\".concat(TOKEN)).then(function (res) {\n  (0, _chai.expect)(res.body).to.not.be.empty; // return is a promise here \n});",
                  "err": {},
                  "uuid": "17d147af-414f-4200-9abc-0290d00d0106",
                  "parentUUID": "3502878d-936c-4fe6-8849-9bd0835ed6c7",
                  "isHook": false,
                  "skipped": false
                },
                {
                  "title": "/users/id",
                  "fullTitle": "Users GET /users/id",
                  "timedOut": false,
                  "duration": 137,
                  "state": "passed",
                  "speed": "slow",
                  "pass": true,
                  "fail": false,
                  "pending": false,
                  "context": null,
                  "code": "return request.get(\"users/\".concat(userId, \"?access-token=\").concat(TOKEN)).then(function (res) {\n  (0, _chai.expect)(res.body.id).to.be.eq(userId); // return is a promise here \n});",
                  "err": {},
                  "uuid": "d10f76ed-6a62-4e6f-b71a-61893245bc3b",
                  "parentUUID": "3502878d-936c-4fe6-8849-9bd0835ed6c7",
                  "isHook": false,
                  "skipped": false
                },
                {
                  "title": "/users using params",
                  "fullTitle": "Users GET /users using params",
                  "timedOut": false,
                  "duration": 160,
                  "state": "passed",
                  "speed": "slow",
                  "pass": true,
                  "fail": false,
                  "pending": false,
                  "context": null,
                  "code": "var url = \"users?access-token=\".concat(TOKEN, \"&gender=male&status=active\");\nreturn request.get(url).then(function (res) {\n  // expect(res.body).to.not.be.empty // return is a promise here \n  res.body.forEach(function (data) {\n    (0, _chai.expect)(data.gender).to.be.eq(\"male\");\n  });\n});",
                  "err": {},
                  "uuid": "371d085b-d587-46a3-b0ba-fbdadf107fb7",
                  "parentUUID": "3502878d-936c-4fe6-8849-9bd0835ed6c7",
                  "isHook": false,
                  "skipped": false
                }
              ],
              "suites": [],
              "passes": [
                "17d147af-414f-4200-9abc-0290d00d0106",
                "d10f76ed-6a62-4e6f-b71a-61893245bc3b",
                "371d085b-d587-46a3-b0ba-fbdadf107fb7"
              ],
              "failures": [],
              "pending": [],
              "skipped": [],
              "duration": 488,
              "root": false,
              "rootEmpty": false,
              "_timeout": 2000
            },
            {
              "uuid": "bf80ce9b-5830-4273-aa0c-fbf34eea989e",
              "title": "PUT",
              "fullFile": "C:\\Users\\alex\\Desktop\\api-tests\\test\\user-advance.js",
              "file": "\\test\\user-advance.js",
              "beforeHooks": [],
              "afterHooks": [],
              "tests": [
                {
                  "title": "/users",
                  "fullTitle": "Users PUT /users",
                  "timedOut": false,
                  "duration": 187,
                  "state": "passed",
                  "speed": "slow",
                  "pass": true,
                  "fail": false,
                  "pending": false,
                  "context": null,
                  "code": "var data = {\n  status: \"inactive\",\n  name: \"luffy-\".concat(Math.floor(Math.random() * 999))\n};\nreturn request.put(\"users/\".concat(userId)).set('Authorization', \"Bearer \".concat(TOKEN)).send(data).then(function (res) {\n  (0, _chai.expect)(res.body).to.deep.include(data); // deep is used to verify all the data basically all the fields\n});",
                  "err": {},
                  "uuid": "6eb45045-7c46-4808-bb32-1d84b6367f52",
                  "parentUUID": "bf80ce9b-5830-4273-aa0c-fbf34eea989e",
                  "isHook": false,
                  "skipped": false
                }
              ],
              "suites": [],
              "passes": [
                "6eb45045-7c46-4808-bb32-1d84b6367f52"
              ],
              "failures": [],
              "pending": [],
              "skipped": [],
              "duration": 187,
              "root": false,
              "rootEmpty": false,
              "_timeout": 2000
            },
            {
              "uuid": "d4d57e38-3f5d-48f3-a6dc-3310bd1e5cba",
              "title": "DELETE",
              "fullFile": "C:\\Users\\alex\\Desktop\\api-tests\\test\\user-advance.js",
              "file": "\\test\\user-advance.js",
              "beforeHooks": [],
              "afterHooks": [],
              "tests": [
                {
                  "title": "/users",
                  "fullTitle": "Users DELETE /users",
                  "timedOut": false,
                  "duration": 178,
                  "state": "passed",
                  "speed": "slow",
                  "pass": true,
                  "fail": false,
                  "pending": false,
                  "context": null,
                  "code": "return request[\"delete\"](\"users/\".concat(userId)).set('Authorization', \"Bearer \".concat(TOKEN)).then(function (res) {\n  console.log(userId);\n  (0, _chai.expect)(res.body).to.be.not.eq(null);\n});",
                  "err": {},
                  "uuid": "c117b447-4899-4af9-a838-35e34fb789f0",
                  "parentUUID": "d4d57e38-3f5d-48f3-a6dc-3310bd1e5cba",
                  "isHook": false,
                  "skipped": false
                }
              ],
              "suites": [],
              "passes": [
                "c117b447-4899-4af9-a838-35e34fb789f0"
              ],
              "failures": [],
              "pending": [],
              "skipped": [],
              "duration": 178,
              "root": false,
              "rootEmpty": false,
              "_timeout": 2000
            }
          ],
          "passes": [],
          "failures": [],
          "pending": [],
          "skipped": [],
          "duration": 0,
          "root": false,
          "rootEmpty": false,
          "_timeout": 2000
        },
        {
          "uuid": "5f7efbbd-8744-436a-acd2-ed15a3e00ba2",
          "title": "Users",
          "fullFile": "C:\\Users\\alex\\Desktop\\api-tests\\test\\users.js",
          "file": "\\test\\users.js",
          "beforeHooks": [],
          "afterHooks": [],
          "tests": [
            {
              "title": "GET /users",
              "fullTitle": "Users GET /users",
              "timedOut": false,
              "duration": 217,
              "state": "passed",
              "speed": "slow",
              "pass": true,
              "fail": false,
              "pending": false,
              "context": null,
              "code": "return request.get(\"users?access-token=\".concat(TOKEN)).then(function (res) {\n  (0, _chai.expect)(res.body).to.not.be.empty; // return is a promise here \n});",
              "err": {},
              "uuid": "2b125da2-a0fc-48c6-bacf-08228d0d9e10",
              "parentUUID": "5f7efbbd-8744-436a-acd2-ed15a3e00ba2",
              "isHook": false,
              "skipped": false
            },
            {
              "title": "GET /users/id",
              "fullTitle": "Users GET /users/id",
              "timedOut": false,
              "duration": 193,
              "state": "passed",
              "speed": "slow",
              "pass": true,
              "fail": false,
              "pending": false,
              "context": null,
              "code": "return request.get(\"users/187869?access-token=\".concat(TOKEN)).then(function (res) {\n  (0, _chai.expect)(res.body.id).to.be.eq(187869); // return is a promise here \n});",
              "err": {},
              "uuid": "9990ac42-3fb3-4901-bfd3-0775395679fa",
              "parentUUID": "5f7efbbd-8744-436a-acd2-ed15a3e00ba2",
              "isHook": false,
              "skipped": false
            },
            {
              "title": "GET /users using params",
              "fullTitle": "Users GET /users using params",
              "timedOut": false,
              "duration": 202,
              "state": "passed",
              "speed": "slow",
              "pass": true,
              "fail": false,
              "pending": false,
              "context": null,
              "code": "var url = \"users?access-token=\".concat(TOKEN, \"&gender=male&status=active\");\nreturn request.get(url).then(function (res) {\n  // expect(res.body).to.not.be.empty // return is a promise here \n  res.body.forEach(function (data) {\n    (0, _chai.expect)(data.gender).to.be.eq(\"male\");\n  });\n});",
              "err": {},
              "uuid": "bf2263d0-f2be-45ea-98bd-c24e53a9d4fa",
              "parentUUID": "5f7efbbd-8744-436a-acd2-ed15a3e00ba2",
              "isHook": false,
              "skipped": false
            },
            {
              "title": "POST /users",
              "fullTitle": "Users POST /users",
              "timedOut": false,
              "duration": 204,
              "state": "passed",
              "speed": "slow",
              "pass": true,
              "fail": false,
              "pending": false,
              "context": null,
              "code": "var data = {\n  //email: \"tao6ost@gmail.com\",\n  email: \"test-\".concat(Math.floor(Math.random() * 9999), \"@gmail.com\"),\n  name: \"test\",\n  gender: \"male\",\n  status: \"active\"\n};\nreturn request.post(\"users\").set('Authorization', \"Bearer \".concat(TOKEN)).send(data).then(function (res) {\n  console.log(res.body);\n  (0, _chai.expect)(res.body.email).to.be.eq(data.email);\n  (0, _chai.expect)(res.body.gender).to.be.eq(data.gender);\n});",
              "err": {},
              "uuid": "ca690dec-1845-4095-95b6-f5c7cc50d59b",
              "parentUUID": "5f7efbbd-8744-436a-acd2-ed15a3e00ba2",
              "isHook": false,
              "skipped": false
            },
            {
              "title": "PUT /users",
              "fullTitle": "Users PUT /users",
              "timedOut": false,
              "duration": 108,
              "state": "failed",
              "speed": null,
              "pass": false,
              "fail": true,
              "pending": false,
              "context": null,
              "code": "var data = {\n  status: \"inactive\",\n  name: \"luffy-\".concat(Math.floor(Math.random() * 999))\n};\nreturn request.put('users/191596').set('Authorization', \"Bearer \".concat(TOKEN)).send(data).then(function (res) {\n  // console.log(res.body)\n  //data.status = 'active'\n  (0, _chai.expect)(res.body.name).to.be.eq(data.name);\n  // expect(res.body.status).to.be.eq(data.status)\n  (0, _chai.expect)(res.body).to.deep.include(data); // deep is used to verify all the data basically all the fields\n});",
              "err": {
                "message": "AssertionError: expected undefined to equal 'luffy-763'",
                "estack": "AssertionError: expected undefined to equal 'luffy-763'\n    at C:\\Users\\alex\\Desktop\\api-tests\\test\\/users.js:75:41\n    at processTicksAndRejections (node:internal/process/task_queues:96:5)",
                "diff": null
              },
              "uuid": "b9975a60-7ba2-45e6-9a41-d31850e9de3f",
              "parentUUID": "5f7efbbd-8744-436a-acd2-ed15a3e00ba2",
              "isHook": false,
              "skipped": false
            },
            {
              "title": "DELETE /users",
              "fullTitle": "Users DELETE /users",
              "timedOut": false,
              "duration": 169,
              "state": "failed",
              "speed": null,
              "pass": false,
              "fail": true,
              "pending": false,
              "context": null,
              "code": "return request[\"delete\"]('users/191521').set('Authorization', \"Bearer \".concat(TOKEN)).then(function (res) {\n  // console.log(res.body)\n  (0, _chai.expect)(res.body).to.be.eq();\n});",
              "err": {
                "message": "AssertionError: expected { message: 'Resource not found' } to equal undefined",
                "estack": "AssertionError: expected { message: 'Resource not found' } to equal undefined\n    at C:\\Users\\alex\\Desktop\\api-tests\\test\\/users.js:86:36\n    at processTicksAndRejections (node:internal/process/task_queues:96:5)",
                "diff": null
              },
              "uuid": "42f1a345-03a4-4b8d-a94e-6c8a797af93d",
              "parentUUID": "5f7efbbd-8744-436a-acd2-ed15a3e00ba2",
              "isHook": false,
              "skipped": false
            }
          ],
          "suites": [],
          "passes": [
            "2b125da2-a0fc-48c6-bacf-08228d0d9e10",
            "9990ac42-3fb3-4901-bfd3-0775395679fa",
            "bf2263d0-f2be-45ea-98bd-c24e53a9d4fa",
            "ca690dec-1845-4095-95b6-f5c7cc50d59b"
          ],
          "failures": [
            "b9975a60-7ba2-45e6-9a41-d31850e9de3f",
            "42f1a345-03a4-4b8d-a94e-6c8a797af93d"
          ],
          "pending": [],
          "skipped": [],
          "duration": 1093,
          "root": false,
          "rootEmpty": false,
          "_timeout": 2000
        }
      ],
      "passes": [],
      "failures": [],
      "pending": [],
      "skipped": [],
      "duration": 0,
      "root": true,
      "rootEmpty": true,
      "_timeout": 2000
    }
  ],
  "meta": {
    "mocha": {
      "version": "10.2.0"
    },
    "mochawesome": {
      "options": {
        "quiet": false,
        "reportFilename": "mochawesome",
        "saveHtml": true,
        "saveJson": true,
        "consoleReporter": "spec",
        "useInlineDiffs": false,
        "code": true
      },
      "version": "7.1.3"
    },
    "marge": {
      "options": null,
      "version": "6.2.0"
    }
  }
}